2020-04-22 12:04:286 INFO       HomePage :33 - Clicking and send text to Adminusername field [[ChromeDriver: chrome on WINDOWS (96a43ec5db14bb0ae1ee663f8835162e)] -> css selector: input#txtUsername]
2020-04-22 12:04:557 INFO       HomePage :39 - Click and send password admin123 to password field [[ChromeDriver: chrome on WINDOWS (96a43ec5db14bb0ae1ee663f8835162e)] -> css selector: input#txtPassword]
2020-04-22 12:04:703 INFO       HomePage :45 - Clicking on Login button :[[ChromeDriver: chrome on WINDOWS (96a43ec5db14bb0ae1ee663f8835162e)] -> css selector: div#logInPanelHeading]
2020-04-22 12:04:239 INFO       HomePage :33 - Clicking and send text to Adminusername field [[ChromeDriver: chrome on WINDOWS (61afd2ec109f248228b84636f2ec04ab)] -> css selector: input#txtUsername]
2020-04-22 12:04:403 INFO       HomePage :39 - Click and send password admin123 to password field [[ChromeDriver: chrome on WINDOWS (61afd2ec109f248228b84636f2ec04ab)] -> css selector: input#txtPassword]
2020-04-22 12:04:537 INFO       HomePage :45 - Clicking on Login button :[[ChromeDriver: chrome on WINDOWS (61afd2ec109f248228b84636f2ec04ab)] -> css selector: div#logInPanelHeading]
2020-04-22 13:04:954 INFO       HomePage :35 - Clicking and send text to Adminusername field [[ChromeDriver: chrome on WINDOWS (f3ac2ebfd9e7fc8e10e823f66c487427)] -> css selector: input#txtUsername]
2020-04-22 13:04:160 INFO       HomePage :41 - Click and send password admin123 to password field [[ChromeDriver: chrome on WINDOWS (f3ac2ebfd9e7fc8e10e823f66c487427)] -> css selector: input#txtPassword]
2020-04-22 13:04:695 INFO       HomePage :47 - Clicking on Login button :[[ChromeDriver: chrome on WINDOWS (f3ac2ebfd9e7fc8e10e823f66c487427)] -> css selector: input.button]
2020-04-22 13:04:541 INFO       AccountPage :31 - Verify welcome text Welcome Adminfrom the Web page [[ChromeDriver: chrome on WINDOWS (f3ac2ebfd9e7fc8e10e823f66c487427)] -> css selector: a.panelTrigger]
2020-04-22 13:04:921 INFO       HomePage :35 - Clicking and send text to Adminusername field [[ChromeDriver: chrome on WINDOWS (671ca006f9654a9a542bb6a29e6162c1)] -> css selector: input#txtUsername]
2020-04-22 13:04:104 INFO       HomePage :41 - Click and send password admin123 to password field [[ChromeDriver: chrome on WINDOWS (671ca006f9654a9a542bb6a29e6162c1)] -> css selector: input#txtPassword]
2020-04-22 13:04:671 INFO       HomePage :47 - Clicking on Login button :[[ChromeDriver: chrome on WINDOWS (671ca006f9654a9a542bb6a29e6162c1)] -> css selector: input.button]
2020-04-22 13:04:490 INFO       AccountPage :31 - Verify welcome text Welcome Adminfrom the Web page [[ChromeDriver: chrome on WINDOWS (671ca006f9654a9a542bb6a29e6162c1)] -> css selector: a.panelTrigger]
2020-04-22 13:04:692 INFO       AccountPage :37 - Clicking on Welcome Admin [[ChromeDriver: chrome on WINDOWS (671ca006f9654a9a542bb6a29e6162c1)] -> css selector: a.panelTrigger]
2020-04-22 13:04:616 INFO       AccountPage :43 - Clicking on Logout button Proxy element for: DefaultElementLocator 'By.xpath: //a[contains(text(),'Logout')]'
2020-04-22 13:04:963 INFO       HomePage :35 - Clicking and send text to Adminusername field [[ChromeDriver: chrome on WINDOWS (fb479b1a41cebae6662b764c40f7ac8b)] -> css selector: input#txtUsername]
2020-04-22 13:04:143 INFO       HomePage :41 - Click and send password admin123 to password field [[ChromeDriver: chrome on WINDOWS (fb479b1a41cebae6662b764c40f7ac8b)] -> css selector: input#txtPassword]
2020-04-22 13:04:246 INFO       HomePage :47 - Clicking on Login button :[[ChromeDriver: chrome on WINDOWS (fb479b1a41cebae6662b764c40f7ac8b)] -> css selector: input.button]
2020-04-22 13:04:372 INFO       AccountPage :31 - Verify welcome text Welcome Adminfrom the Web page [[ChromeDriver: chrome on WINDOWS (fb479b1a41cebae6662b764c40f7ac8b)] -> css selector: a.panelTrigger]
2020-04-22 13:04:656 INFO       HomePage :35 - Clicking and send text to Adminusername field [[ChromeDriver: chrome on WINDOWS (8613c143b3b94cbe26f330e3e6978b83)] -> css selector: input#txtUsername]
2020-04-22 13:04:842 INFO       HomePage :41 - Click and send password admin123 to password field [[ChromeDriver: chrome on WINDOWS (8613c143b3b94cbe26f330e3e6978b83)] -> css selector: input#txtPassword]
2020-04-22 13:04:181 INFO       HomePage :47 - Clicking on Login button :[[ChromeDriver: chrome on WINDOWS (8613c143b3b94cbe26f330e3e6978b83)] -> css selector: input.button]
2020-04-22 13:04:61 INFO       AccountPage :31 - Verify welcome text Welcome Adminfrom the Web page [[ChromeDriver: chrome on WINDOWS (8613c143b3b94cbe26f330e3e6978b83)] -> css selector: a.panelTrigger]
2020-04-22 13:04:321 INFO       AccountPage :37 - Clicking on Welcome Admin [[ChromeDriver: chrome on WINDOWS (8613c143b3b94cbe26f330e3e6978b83)] -> css selector: a.panelTrigger]
2020-04-22 13:04:283 INFO       AccountPage :43 - Clicking on Logout button Proxy element for: DefaultElementLocator 'By.xpath: //a[contains(text(),'Logout')]'
2020-04-24 01:04:585 INFO       HomePage :35 - Clicking and send text to Adminusername field [[ChromeDriver: chrome on WINDOWS (c74a749cee1883892e91af748e4e802b)] -> css selector: input#txtUsername]
2020-04-24 01:04:900 INFO       HomePage :41 - Click and send password admin123 to password field [[ChromeDriver: chrome on WINDOWS (c74a749cee1883892e91af748e4e802b)] -> css selector: input#txtPassword]
2020-04-24 01:04:939 INFO       HomePage :47 - Clicking on Login button :[[ChromeDriver: chrome on WINDOWS (c74a749cee1883892e91af748e4e802b)] -> css selector: input.button]
2020-04-24 01:04:299 INFO       AccountPage :27 - Verify welcome text Welcome Adminfrom the Web page [[ChromeDriver: chrome on WINDOWS (c74a749cee1883892e91af748e4e802b)] -> css selector: a.panelTrigger]
2020-04-24 01:04:440 INFO       HomePage :35 - Clicking and send text to Adminusername field [[ChromeDriver: chrome on WINDOWS (c77ae8a7bd0a8d6ed902710fd1757ae3)] -> css selector: input#txtUsername]
2020-04-24 01:04:559 INFO       HomePage :41 - Click and send password admin123 to password field [[ChromeDriver: chrome on WINDOWS (c77ae8a7bd0a8d6ed902710fd1757ae3)] -> css selector: input#txtPassword]
2020-04-24 01:04:408 INFO       HomePage :47 - Clicking on Login button :[[ChromeDriver: chrome on WINDOWS (c77ae8a7bd0a8d6ed902710fd1757ae3)] -> css selector: input.button]
2020-04-24 01:04:413 INFO       AccountPage :27 - Verify welcome text Welcome Adminfrom the Web page [[ChromeDriver: chrome on WINDOWS (c77ae8a7bd0a8d6ed902710fd1757ae3)] -> css selector: a.panelTrigger]
2020-04-24 01:04:527 INFO       AccountPage :33 - Clicking on Welcome Admin [[ChromeDriver: chrome on WINDOWS (c77ae8a7bd0a8d6ed902710fd1757ae3)] -> css selector: a.panelTrigger]
2020-04-24 01:04:74 INFO       AccountPage :39 - Clicking on Logout button Proxy element for: DefaultElementLocator 'By.xpath: //a[contains(text(),'Logout')]'
2020-04-24 01:04:611 INFO       HomePage :35 - Clicking and send text to Adminusername field [[ChromeDriver: chrome on WINDOWS (7f08386eb723f1046a440b7e31910288)] -> css selector: input#txtUsername]
2020-04-24 01:04:858 INFO       HomePage :41 - Click and send password admin123 to password field [[ChromeDriver: chrome on WINDOWS (7f08386eb723f1046a440b7e31910288)] -> css selector: input#txtPassword]
2020-04-24 01:04:649 INFO       HomePage :47 - Clicking on Login button :[[ChromeDriver: chrome on WINDOWS (7f08386eb723f1046a440b7e31910288)] -> css selector: input.button]
2020-04-24 01:04:187 INFO       AccountPage :27 - Verify welcome text Welcome Adminfrom the Web page [[ChromeDriver: chrome on WINDOWS (7f08386eb723f1046a440b7e31910288)] -> css selector: a.panelTrigger]
2020-04-24 01:04:176 INFO       HomePage :35 - Clicking and send text to Adminusername field [[ChromeDriver: chrome on WINDOWS (c37be51ea6de51c887ed8375f9ec6bb0)] -> css selector: input#txtUsername]
2020-04-24 01:04:380 INFO       HomePage :41 - Click and send password admin123 to password field [[ChromeDriver: chrome on WINDOWS (c37be51ea6de51c887ed8375f9ec6bb0)] -> css selector: input#txtPassword]
2020-04-24 01:04:957 INFO       HomePage :47 - Clicking on Login button :[[ChromeDriver: chrome on WINDOWS (c37be51ea6de51c887ed8375f9ec6bb0)] -> css selector: input.button]
2020-04-24 01:04:54 INFO       AccountPage :27 - Verify welcome text Welcome Adminfrom the Web page [[ChromeDriver: chrome on WINDOWS (c37be51ea6de51c887ed8375f9ec6bb0)] -> css selector: a.panelTrigger]
2020-04-24 01:04:492 INFO       AccountPage :33 - Clicking on Welcome Admin [[ChromeDriver: chrome on WINDOWS (c37be51ea6de51c887ed8375f9ec6bb0)] -> css selector: a.panelTrigger]
2020-04-24 01:04:936 INFO       AccountPage :39 - Clicking on Logout button Proxy element for: DefaultElementLocator 'By.xpath: //a[contains(text(),'Logout')]'
